<?xml version="1.0" encoding="UTF-8"?>
<!-- Generated by org.testng.reporters.JUnitReportReporter -->
<testsuite hostname="MAVCHN1121673" failures="0" tests="1" name="testNg.TestNgAnnotations" time="0.006" errors="0" timestamp="2025-02-04T10:56:30 IST" skipped="0">
  <testcase classname="testNg.TestNgAnnotations" name="test01" time="0.006"/>
</testsuite> <!-- testNg.TestNgAnnotations -->
