<?xml version="1.0" encoding="UTF-8"?>
<!-- Generated by org.testng.reporters.JUnitReportReporter -->
<testsuite hostname="MAVCHN1121673" failures="0" tests="3" name="testNg.TestNgAnnotations" time="0.012" errors="0" timestamp="2025-04-23T11:43:10 IST" skipped="0">
  <testcase classname="testNg.TestNgAnnotations" name="test01" time="0.002"/>
  <testcase classname="testNg.TestNgAnnotations" name="dataProviderName" time="0.005"/>
  <testcase classname="testNg.TestNgAnnotations" name="dataProviderName" time="0.005"/>
</testsuite> <!-- testNg.TestNgAnnotations -->
